# JRE version: OpenJDK Runtime Environment Microsoft-28056 (17.0.1+12) (build 17.0.1+12-LTS)
# Java VM: OpenJDK 64-Bit Server VM Microsoft-28056 (17.0.1+12-LTS, mixed mode, tiered, compressed oops, compressed class ptrs, g1 gc, windows-amd64)
GC Precious Log:
 CPUs: 6 total, 6 available
 Memory: 32697M
 Large Page Support: Disabled
 NUMA Support: Disabled
 Compressed Oops: Enabled (Zero based)
 Heap Region Size: 8M
 Heap Min Capacity: 256M
 Heap Initial Capacity: 256M
 Heap Max Capacity: 10176M
 Pre-touch: Disabled
 Parallel Workers: 6
 Concurrent Workers: 2
 Concurrent Refinement Workers: 6
 Periodic GC: Disabled
Heap:
 garbage-first heap   total 2990080K, used 2230721K [0x0000000584000000, 0x0000000800000000)
  region size 8192K, 12 young (98304K), 2 survivors (16384K)
 Metaspace       used 302094K, committed 304256K, reserved 1310720K
  class space    used 48603K, committed 49600K, reserved 1048576K
GC Heap History (20 events):
Event: 798.735 GC heap before
{Heap before GC invocations=281 (full 0):
 garbage-first heap   total 2990080K, used 2626253K [0x0000000584000000, 0x0000000800000000)
  region size 8192K, 72 young (589824K), 5 survivors (40960K)
 Metaspace       used 302043K, committed 304192K, reserved 1310720K
  class space    used 48594K, committed 49600K, reserved 1048576K
}
Event: 798.741 GC heap after
{Heap after GC invocations=282 (full 0):
 garbage-first heap   total 2990080K, used 2101656K [0x0000000584000000, 0x0000000800000000)
  region size 8192K, 7 young (57344K), 7 survivors (57344K)
 Metaspace       used 302043K, committed 304192K, reserved 1310720K
  class space    used 48594K, committed 49600K, reserved 1048576K
}
Event: 799.351 GC heap before
{Heap before GC invocations=282 (full 0):
 garbage-first heap   total 2990080K, used 2609560K [0x0000000584000000, 0x0000000800000000)
  region size 8192K, 70 young (573440K), 7 survivors (57344K)
 Metaspace       used 302048K, committed 304192K, reserved 1310720K
  class space    used 48594K, committed 49600K, reserved 1048576K
}
Event: 799.359 GC heap after
{Heap after GC invocations=283 (full 0):
 garbage-first heap   total 2990080K, used 2104601K [0x0000000584000000, 0x0000000800000000)
  region size 8192K, 6 young (49152K), 6 survivors (49152K)
 Metaspace       used 302048K, committed 304192K, reserved 1310720K
  class space    used 48594K, committed 49600K, reserved 1048576K
}
Event: 799.909 GC heap before
{Heap before GC invocations=283 (full 0):
 garbage-first heap   total 2990080K, used 2628889K [0x0000000584000000, 0x0000000800000000)
  region size 8192K, 70 young (573440K), 6 survivors (49152K)
 Metaspace       used 302049K, committed 304192K, reserved 1310720K
  class space    used 48594K, committed 49600K, reserved 1048576K
}
Event: 799.916 GC heap after
{Heap after GC invocations=284 (full 0):
 garbage-first heap   total 2990080K, used 2114799K [0x0000000584000000, 0x0000000800000000)
  region size 8192K, 7 young (57344K), 7 survivors (57344K)
 Metaspace       used 302049K, committed 304192K, reserved 1310720K
  class space    used 48594K, committed 49600K, reserved 1048576K
}
Event: 800.213 GC heap before
{Heap before GC invocations=284 (full 0):
 garbage-first heap   total 2990080K, used 2606319K [0x0000000584000000, 0x0000000800000000)
  region size 8192K, 68 young (557056K), 7 survivors (57344K)
 Metaspace       used 302053K, committed 304192K, reserved 1310720K
  class space    used 48595K, committed 49600K, reserved 1048576K
}
Event: 800.222 GC heap after
{Heap after GC invocations=285 (full 0):
 garbage-first heap   total 2990080K, used 2152759K [0x0000000584000000, 0x0000000800000000)
  region size 8192K, 9 young (73728K), 9 survivors (73728K)
 Metaspace       used 302053K, committed 304192K, reserved 1310720K
  class space    used 48595K, committed 49600K, reserved 1048576K
}
Event: 801.039 GC heap before
{Heap before GC invocations=285 (full 0):
 garbage-first heap   total 2990080K, used 2603319K [0x0000000584000000, 0x0000000800000000)
  region size 8192K, 64 young (524288K), 9 survivors (73728K)
 Metaspace       used 302054K, committed 304192K, reserved 1310720K
  class space    used 48595K, committed 49600K, reserved 1048576K
}
Event: 801.050 GC heap after
{Heap after GC invocations=286 (full 0):
 garbage-first heap   total 2990080K, used 2155606K [0x0000000584000000, 0x0000000800000000)
  region size 8192K, 2 young (16384K), 2 survivors (16384K)
 Metaspace       used 302054K, committed 304192K, reserved 1310720K
  class space    used 48595K, committed 49600K, reserved 1048576K
}
Event: 801.664 GC heap before
{Heap before GC invocations=286 (full 0):
 garbage-first heap   total 2990080K, used 2614358K [0x0000000584000000, 0x0000000800000000)
  region size 8192K, 58 young (475136K), 2 survivors (16384K)
 Metaspace       used 302054K, committed 304192K, reserved 1310720K
  class space    used 48595K, committed 49600K, reserved 1048576K
}
Event: 801.667 GC heap after
{Heap after GC invocations=287 (full 0):
 garbage-first heap   total 2990080K, used 2152519K [0x0000000584000000, 0x0000000800000000)
  region size 8192K, 1 young (8192K), 1 survivors (8192K)
 Metaspace       used 302054K, committed 304192K, reserved 1310720K
  class space    used 48595K, committed 49600K, reserved 1048576K
}
Event: 802.344 GC heap before
{Heap before GC invocations=287 (full 0):
 garbage-first heap   total 2990080K, used 2627655K [0x0000000584000000, 0x0000000800000000)
  region size 8192K, 59 young (483328K), 1 survivors (8192K)
 Metaspace       used 302054K, committed 304192K, reserved 1310720K
  class space    used 48595K, committed 49600K, reserved 1048576K
}
Event: 802.348 GC heap after
{Heap after GC invocations=288 (full 0):
 garbage-first heap   total 2990080K, used 2154828K [0x0000000584000000, 0x0000000800000000)
  region size 8192K, 2 young (16384K), 2 survivors (16384K)
 Metaspace       used 302054K, committed 304192K, reserved 1310720K
  class space    used 48595K, committed 49600K, reserved 1048576K
}
Event: 803.069 GC heap before
{Heap before GC invocations=288 (full 0):
 garbage-first heap   total 2990080K, used 2629964K [0x0000000584000000, 0x0000000800000000)
  region size 8192K, 60 young (491520K), 2 survivors (16384K)
 Metaspace       used 302056K, committed 304192K, reserved 1310720K
  class space    used 48595K, committed 49600K, reserved 1048576K
}
Event: 803.072 GC heap after
{Heap after GC invocations=289 (full 0):
 garbage-first heap   total 2990080K, used 2151423K [0x0000000584000000, 0x0000000800000000)
  region size 8192K, 1 young (8192K), 1 survivors (8192K)
 Metaspace       used 302056K, committed 304192K, reserved 1310720K
  class space    used 48595K, committed 49600K, reserved 1048576K
}
Event: 805.255 GC heap before
{Heap before GC invocations=289 (full 0):
 garbage-first heap   total 2990080K, used 2634751K [0x0000000584000000, 0x0000000800000000)
  region size 8192K, 61 young (499712K), 1 survivors (8192K)
 Metaspace       used 302058K, committed 304192K, reserved 1310720K
  class space    used 48595K, committed 49600K, reserved 1048576K
}
Event: 805.260 GC heap after
{Heap after GC invocations=290 (full 0):
 garbage-first heap   total 2990080K, used 2153067K [0x0000000584000000, 0x0000000800000000)
  region size 8192K, 1 young (8192K), 1 survivors (8192K)
 Metaspace       used 302058K, committed 304192K, reserved 1310720K
  class space    used 48595K, committed 49600K, reserved 1048576K
}
Event: 806.799 GC heap before
{Heap before GC invocations=290 (full 0):
 garbage-first heap   total 2990080K, used 2644587K [0x0000000584000000, 0x0000000800000000)
  region size 8192K, 62 young (507904K), 1 survivors (8192K)
 Metaspace       used 302062K, committed 304192K, reserved 1310720K
  class space    used 48596K, committed 49600K, reserved 1048576K
}
Event: 806.803 GC heap after
{Heap after GC invocations=291 (full 0):
 garbage-first heap   total 2990080K, used 2156993K [0x0000000584000000, 0x0000000800000000)
  region size 8192K, 2 young (16384K), 2 survivors (16384K)
 Metaspace       used 302062K, committed 304192K, reserved 1310720K
  class space    used 48596K, committed 49600K, reserved 1048576K
}

